[13-May-2026 01:19:31 Europe/Berlin] DTMIS SMTP send failed: SMTP Error: Could not connect to SMTP host. STARTTLS command failed TLS not available

[13-May-2026 01:19:41 Europe/Berlin] DTMIS SMTP send failed: SMTP Error: Could not connect to SMTP host. STARTTLS command failed TLS not available

[13-May-2026 01:19:58 Europe/Berlin] DTMIS SMTP send failed: SMTP Error: Could not connect to SMTP host. STARTTLS command failed TLS not available

[13-May-2026 01:20:05 Europe/Berlin] DTMIS SMTP send failed: SMTP Error: Could not connect to SMTP host. STARTTLS command failed TLS not available

[13-May-2026 01:20:23 Europe/Berlin] DTMIS SMTP send failed: SMTP Error: Could not connect to SMTP host. STARTTLS command failed TLS not available

[13-May-2026 01:20:31 Europe/Berlin] DTMIS SMTP send failed: SMTP Error: Could not connect to SMTP host. STARTTLS command failed TLS not available

[13-May-2026 06:36:16 Europe/Berlin] PHP Parse error:  syntax error, unexpected token "=", expecting end of file in Command line code on line 1
[14-May-2026 11:19:26 Europe/Berlin] PHP Parse error:  syntax error, unexpected token "=", expecting end of file in Command line code on line 1
[14-May-2026 11:19:32 Europe/Berlin] PHP Fatal error:  Uncaught PDOException: could not find driver in C:\laragon\www\DTMIS\config\database.php:416
Stack trace:
#0 C:\laragon\www\DTMIS\config\database.php(416): PDO->__construct('sqlsrv:Server=1...', 'root', Object(SensitiveParameterValue), Array)
#1 Standard input code(3): getDatabaseConnection()
#2 {main}
  thrown in C:\laragon\www\DTMIS\config\database.php on line 416
[14-May-2026 11:25:53 Europe/Berlin] PHP Parse error:  syntax error, unexpected token "=" in Command line code on line 1
[14-May-2026 11:26:05 Europe/Berlin] PHP Parse error:  syntax error, unexpected token "\" in Command line code on line 1
[14-May-2026 11:26:53 Europe/Berlin] PHP Parse error:  syntax error, unexpected token "=", expecting "," or ";" in Command line code on line 1
[14-May-2026 11:32:16 Europe/Berlin] PHP Parse error:  syntax error, unexpected token "=", expecting "," or ";" in Command line code on line 1
[14-May-2026 19:28:02 Europe/Berlin] PHP Parse error:  syntax error, unexpected end of file in Command line code on line 3
[14-May-2026 19:28:11 Europe/Berlin] PHP Fatal error:  Uncaught RuntimeException: SQL Server PDO driver is not installed. Enable the Microsoft PHP extensions `sqlsrv` and `pdo_sqlsrv` for this PHP runtime. Installed PDO drivers: mysql, sqlite in C:\inetpub\wwwroot\DTMIS\config\database.php:628
Stack trace:
#0 C:\inetpub\wwwroot\DTMIS\config\database.php(649): db_assert_pdo_driver_available('sqlsrv')
#1 C:\Users\DENR Xll WIN -3\AppData\Local\Temp\DTMIS_office_levels_check.php(3): getDatabaseConnection()
#2 {main}
  thrown in C:\inetpub\wwwroot\DTMIS\config\database.php on line 628
[14-May-2026 19:43:45 Europe/Berlin] PHP Fatal error:  Uncaught RuntimeException: SQL Server PDO driver is not installed. Enable the Microsoft PHP extensions `sqlsrv` and `pdo_sqlsrv` for this PHP runtime. Installed PDO drivers: mysql, sqlite in C:\inetpub\wwwroot\DTMIS\config\database.php:628
Stack trace:
#0 C:\inetpub\wwwroot\DTMIS\config\database.php(649): db_assert_pdo_driver_available('sqlsrv')
#1 C:\Users\DENR Xll WIN -3\AppData\Local\Temp\inspect_offices.php(3): getDatabaseConnection()
#2 {main}
  thrown in C:\inetpub\wwwroot\DTMIS\config\database.php on line 628
[14-May-2026 20:33:26 Europe/Berlin] PHP Fatal error:  Uncaught RuntimeException: SQL Server PDO driver is not installed. Enable the Microsoft PHP extensions `sqlsrv` and `pdo_sqlsrv` for this PHP runtime. Installed PDO drivers: mysql, sqlite in C:\inetpub\wwwroot\DTMIS\config\database.php:628
Stack trace:
#0 C:\inetpub\wwwroot\DTMIS\config\database.php(649): db_assert_pdo_driver_available('sqlsrv')
#1 C:\Users\DENR Xll WIN -3\AppData\Local\Temp\DTMIS_doc34_inspect.php(3): getDatabaseConnection()
#2 {main}
  thrown in C:\inetpub\wwwroot\DTMIS\config\database.php on line 628
[14-May-2026 20:33:26 Europe/Berlin] PHP Fatal error:  Uncaught RuntimeException: SQL Server PDO driver is not installed. Enable the Microsoft PHP extensions `sqlsrv` and `pdo_sqlsrv` for this PHP runtime. Installed PDO drivers: mysql, sqlite in C:\inetpub\wwwroot\DTMIS\config\database.php:628
Stack trace:
#0 C:\inetpub\wwwroot\DTMIS\config\database.php(649): db_assert_pdo_driver_available('sqlsrv')
#1 C:\Users\DENR Xll WIN -3\AppData\Local\Temp\DTMIS_office51_queue.php(4): getDatabaseConnection()
#2 {main}
  thrown in C:\inetpub\wwwroot\DTMIS\config\database.php on line 628
[15-May-2026 09:39:14 Europe/Berlin] PHP Parse error:  syntax error, unexpected token "." in config\document-type-requests.php on line 145
[15-May-2026 09:40:40 Europe/Berlin] PHP Parse error:  syntax error, unexpected token "." in config\document-type-requests.php on line 145
[15-May-2026 10:52:23 Europe/Berlin] PHP Fatal error:  Uncaught RuntimeException: SQL Server PDO driver is not installed. Enable the Microsoft PHP extensions `sqlsrv` and `pdo_sqlsrv` for this PHP runtime. Installed PDO drivers: mysql, sqlite in C:\inetpub\wwwroot\DTMIS\config\database.php:239
Stack trace:
#0 C:\inetpub\wwwroot\DTMIS\config\database.php(260): db_assert_pdo_driver_available('sqlsrv')
#1 Standard input code(3): getDatabaseConnection()
#2 {main}
  thrown in C:\inetpub\wwwroot\DTMIS\config\database.php on line 239
[15-May-2026 11:35:14 Europe/Berlin] PHP Fatal error:  Uncaught RuntimeException: SQL Server PDO driver is not installed. Enable the Microsoft PHP extensions `sqlsrv` and `pdo_sqlsrv` for this PHP runtime. Installed PDO drivers: mysql, sqlite in C:\inetpub\wwwroot\DTMIS\config\database.php:239
Stack trace:
#0 C:\inetpub\wwwroot\DTMIS\config\database.php(260): db_assert_pdo_driver_available('sqlsrv')
#1 C:\inetpub\wwwroot\DTMIS\tmp_schema_dump.php(3): getDatabaseConnection()
#2 {main}
  thrown in C:\inetpub\wwwroot\DTMIS\config\database.php on line 239
[15-May-2026 14:21:35 Europe/Berlin] PHP Fatal error:  Uncaught RuntimeException: SQL Server PDO driver is not installed. Enable the Microsoft PHP extensions `sqlsrv` and `pdo_sqlsrv` for this PHP runtime. Installed PDO drivers: mysql, sqlite in C:\inetpub\wwwroot\DTMIS\config\database.php:239
Stack trace:
#0 C:\inetpub\wwwroot\DTMIS\config\database.php(260): db_assert_pdo_driver_available('sqlsrv')
#1 Standard input code(3): getDatabaseConnection()
#2 {main}
  thrown in C:\inetpub\wwwroot\DTMIS\config\database.php on line 239
[15-May-2026 14:21:35 Europe/Berlin] PHP Fatal error:  Uncaught RuntimeException: SQL Server PDO driver is not installed. Enable the Microsoft PHP extensions `sqlsrv` and `pdo_sqlsrv` for this PHP runtime. Installed PDO drivers: mysql, sqlite in C:\inetpub\wwwroot\DTMIS\config\database.php:239
Stack trace:
#0 C:\inetpub\wwwroot\DTMIS\config\database.php(260): db_assert_pdo_driver_available('sqlsrv')
#1 Standard input code(3): getDatabaseConnection()
#2 {main}
  thrown in C:\inetpub\wwwroot\DTMIS\config\database.php on line 239
[15-May-2026 14:47:48 Europe/Berlin] PHP Parse error:  syntax error, unexpected token "=", expecting end of file in Command line code on line 1
[15-May-2026 14:48:06 Europe/Berlin] PHP Fatal error:  Uncaught RuntimeException: SQL Server PDO driver is not installed. Enable the Microsoft PHP extensions `sqlsrv` and `pdo_sqlsrv` for this PHP runtime. Installed PDO drivers: mysql, sqlite in C:\inetpub\wwwroot\DTMIS\config\database.php:239
Stack trace:
#0 C:\inetpub\wwwroot\DTMIS\config\database.php(260): db_assert_pdo_driver_available('sqlsrv')
#1 Standard input code(3): getDatabaseConnection()
#2 {main}
  thrown in C:\inetpub\wwwroot\DTMIS\config\database.php on line 239
[17-May-2026 17:28:17 Europe/Berlin] PHP Parse error:  syntax error, unexpected token "=", expecting end of file in Command line code on line 1
[17-May-2026 17:28:17 Europe/Berlin] PHP Parse error:  syntax error, unexpected token "=", expecting end of file in Command line code on line 1
#1 Standard input code(4): CompatPdo->query('SELECT TOP (10)...')
#2 {main}
[17-May-2026 18:29:37 Europe/Berlin] PHP Parse error:  Unclosed '(' on line 168 in Standard input code on line 177
[18-May-2026 04:30:14 Europe/Berlin] PHP Parse error:  syntax error, unexpected token "=", expecting end of file in Command line code on line 1
[18-May-2026 12:59:57 Europe/Berlin] PHP Parse error:  syntax error, unexpected character 0x02 in admin\dashboard.php on line 1410
[18-May-2026 13:00:07 Europe/Berlin] PHP Parse error:  syntax error, unexpected end of file, expecting "elseif" or "else" or "endif" in admin\dashboard.php on line 1696
[18-May-2026 13:46:26 Europe/Berlin] PHP Fatal error:  Uncaught PDOException: SQLSTATE[42S22]: [Microsoft][ODBC Driver 17 for SQL Server][SQL Server]Invalid column name 'role_id'. in C:\inetpub\wwwroot\eap\config\database.php:20
Stack trace:
#0 C:\inetpub\wwwroot\eap\config\database.php(20): PDO->query('SELECT TOP (40)...')
#1 C:\inetpub\wwwroot\eap\tmp_role_map_probe.php(12): CompatPdo->query('SELECT TOP (40)...')
#2 {main}
  thrown in C:\inetpub\wwwroot\eap\config\database.php on line 20
[19-May-2026 02:14:45 Europe/Berlin] PHP Fatal error:  Uncaught PDOException: SQLSTATE[42000]: [Microsoft][ODBC Driver 17 for SQL Server][SQL Server]Incorrect syntax near the keyword 'TRANSACTION'. in C:\inetpub\wwwroot\DTMIS\config\database.php:28
Stack trace:
#0 C:\inetpub\wwwroot\DTMIS\config\database.php(28): PDO->exec('START TRANSACTI...')
#1 Standard input code(9): CompatPdo->exec('START TRANSACTI...')
#2 {main}
  thrown in C:\inetpub\wwwroot\DTMIS\config\database.php on line 28
[19-May-2026 07:54:31 Europe/Berlin] PHP Parse error:  syntax error, unexpected token "=", expecting end of file in Command line code on line 1
[19-May-2026 08:14:53 Europe/Berlin] PHP Warning:  ini_set(): Session ini settings cannot be changed after headers have already been sent in C:\inetpub\wwwroot\DTMIS\config\app.php on line 71
[19-May-2026 08:14:53 Europe/Berlin] PHP Warning:  ini_set(): Session ini settings cannot be changed after headers have already been sent in C:\inetpub\wwwroot\DTMIS\config\app.php on line 72
[19-May-2026 09:17:00 Europe/Berlin] PHP Parse error:  syntax error, unexpected token "/" in Command line code on line 1
[19-May-2026 09:17:08 Europe/Berlin] PHP Parse error:  Unclosed '(' in Command line code on line 4
[19-May-2026 09:23:40 Europe/Berlin] PHP Parse error:  syntax error, unexpected single-quoted string "admin_users", expecting ")" in Command line code on line 1
[19-May-2026 09:24:06 Europe/Berlin] PHP Parse error:  syntax error, unexpected token "/" in Command line code on line 1
[19-May-2026 09:24:11 Europe/Berlin] PHP Parse error:  syntax error, unexpected token "/" in Command line code on line 1
[19-May-2026 09:24:16 Europe/Berlin] PHP Parse error:  syntax error, unexpected token "/" in Command line code on line 1
[19-May-2026 09:24:31 Europe/Berlin] PHP Parse error:  syntax error, unexpected single-quoted string "admin_users", expecting ")" in Command line code on line 1
[19-May-2026 09:24:39 Europe/Berlin] PHP Parse error:  Unclosed '(' in Command line code on line 1
[19-May-2026 11:30:24 Europe/Berlin] PHP Parse error:  syntax error, unexpected token "=", expecting end of file in Command line code on line 1
[19-May-2026 12:37:56 Europe/Berlin] PHP Parse error:  syntax error, unexpected token "=" in Command line code on line 1
[19-May-2026 14:12:51 Europe/Berlin] PHP Parse error:  syntax error, unexpected token "=", expecting end of file in Command line code on line 1
[19-May-2026 14:13:00 Europe/Berlin] PHP Parse error:  Unclosed '(' in Command line code on line 1
[19-May-2026 14:13:12 Europe/Berlin] PHP Warning:  require(C:\Users\DENR Xll - RICTU\AppData\Local\Temp/../inetpub/wwwroot/DTMIS/config/database.php): Failed to open stream: No such file or directory in C:\Users\DENR Xll - RICTU\AppData\Local\Temp\check_sender.php on line 2
[19-May-2026 14:13:12 Europe/Berlin] PHP Fatal error:  Uncaught Error: Failed opening required 'C:\Users\DENR Xll - RICTU\AppData\Local\Temp/../inetpub/wwwroot/DTMIS/config/database.php' (include_path='C:\xampp\php\PEAR') in C:\Users\DENR Xll - RICTU\AppData\Local\Temp\check_sender.php:2
Stack trace:
#0 {main}
  thrown in C:\Users\DENR Xll - RICTU\AppData\Local\Temp\check_sender.php on line 2
[19-May-2026 16:33:08 Europe/Berlin] PHP Parse error:  syntax error, unexpected token "&&" in config\workflow.php on line 2381
[19-May-2026 16:43:10 Europe/Berlin] PHP Fatal error:  Uncaught Error: Undefined constant "STDERR" in Standard input code:45
Stack trace:
#0 {main}
  thrown in Standard input code on line 45
[19-May-2026 16:47:08 Europe/Berlin] PHP Fatal error:  Uncaught PDOException: SQLSTATE[42S22]: [Microsoft][ODBC Driver 17 for SQL Server][SQL Server]Invalid column name 'username'. in C:\inetpub\wwwroot\DTMIS\config\database.php:20
Stack trace:
#0 C:\inetpub\wwwroot\DTMIS\config\database.php(20): PDO->query('SELECT TOP 20 u...')
#1 Standard input code(9): CompatPdo->query('SELECT TOP 20 u...')
#2 {main}
  thrown in C:\inetpub\wwwroot\DTMIS\config\database.php on line 20
[19-May-2026 16:54:34 Europe/Berlin] PHP Fatal error:  Uncaught PDOException: SQLSTATE[42S22]: [Microsoft][ODBC Driver 17 for SQL Server][SQL Server]Invalid column name 'document_status'. in C:\inetpub\wwwroot\DTMIS\config\database.php:20
Stack trace:
#0 C:\inetpub\wwwroot\DTMIS\config\database.php(20): PDO->query('SELECT TOP 5 al...')
#1 Standard input code(19): CompatPdo->query('SELECT TOP 5 al...')
#2 {main}
  thrown in C:\inetpub\wwwroot\DTMIS\config\database.php on line 20
[19-May-2026 17:05:46 Europe/Berlin] PHP Fatal error:  Cannot redeclare db_resolve_driver_name() (previously declared in C:\inetpub\wwwroot\DTMIS\config\database.php:67) in C:\inetpub\wwwroot\DTMIS\config\database.php on line 67
[20-May-2026 01:46:27 Europe/Berlin] PHP Parse error:  syntax error, unexpected token "=", expecting end of file in Command line code on line 1
[20-May-2026 01:46:34 Europe/Berlin] PHP Parse error:  Unclosed '(' in Command line code on line 1
[20-May-2026 03:39:11 Europe/Berlin] PHP Parse error:  syntax error, unexpected token "=", expecting end of file in Command line code on line 1
[20-May-2026 03:39:19 Europe/Berlin] PHP Parse error:  Unclosed '(' in Command line code on line 1
[20-May-2026 03:59:27 Europe/Berlin] PHP Parse error:  syntax error, unexpected token "=", expecting end of file in Command line code on line 1
[20-May-2026 03:59:27 Europe/Berlin] PHP Parse error:  syntax error, unexpected token "=", expecting end of file in Command line code on line 1
[20-May-2026 03:59:27 Europe/Berlin] PHP Parse error:  syntax error, unexpected token "=", expecting end of file in Command line code on line 1
[20-May-2026 03:59:41 Europe/Berlin] PHP Parse error:  Unclosed '(' in Command line code on line 1
[20-May-2026 03:59:41 Europe/Berlin] PHP Parse error:  Unclosed '(' in Command line code on line 1
[20-May-2026 03:59:41 Europe/Berlin] PHP Parse error:  Unclosed '(' in Command line code on line 1
[20-May-2026 07:03:02 Europe/Berlin] PHP Parse error:  syntax error, unexpected token "=", expecting end of file in Command line code on line 1
[20-May-2026 07:03:02 Europe/Berlin] PHP Parse error:  syntax error, unexpected token "=", expecting end of file in Command line code on line 1
[20-May-2026 08:20:23 Europe/Berlin] PHP Parse error:  syntax error, unexpected token "endif", expecting end of file in app\templates\role-page-template.php on line 922
[20-May-2026 08:53:13 Europe/Berlin] PHP Warning:  ini_set(): Session ini settings cannot be changed after headers have already been sent in C:\inetpub\wwwroot\DTMIS\config\app.php on line 326
[20-May-2026 08:53:13 Europe/Berlin] PHP Warning:  ini_set(): Session ini settings cannot be changed after headers have already been sent in C:\inetpub\wwwroot\DTMIS\config\app.php on line 327
[21-May-2026 09:38:52 Europe/Berlin] PHP Fatal error:  Uncaught PDOException: SQLSTATE[42S22]: [Microsoft][ODBC Driver 17 for SQL Server][SQL Server]Invalid column name 'username'. in C:\inetpub\wwwroot\DTMIS\config\database.php:20
Stack trace:
#0 C:\inetpub\wwwroot\DTMIS\config\database.php(20): PDO->query('SELECT TOP (5) ...')
#1 Standard input code(4): CompatPdo->query('SELECT TOP (5) ...')
#2 {main}
  thrown in C:\inetpub\wwwroot\DTMIS\config\database.php on line 20
[21-May-2026 09:45:51 Europe/Berlin] PHP Fatal error:  Uncaught PDOException: SQLSTATE[42000]: [Microsoft][ODBC Driver 17 for SQL Server][SQL Server]An explicit DROP INDEX is not allowed on index 'dbo.users.UQ_users_email'. It is being used for UNIQUE KEY constraint enforcement. in C:\inetpub\wwwroot\DTMIS\config\database.php:28
Stack trace:
#0 C:\inetpub\wwwroot\DTMIS\config\database.php(28): PDO->exec('IF EXISTS (\n   ...')
#1 Standard input code(10): CompatPdo->exec('IF EXISTS (\n   ...')
#2 {main}
  thrown in C:\inetpub\wwwroot\DTMIS\config\database.php on line 28
[21-May-2026 13:03:14 Europe/Berlin] PHP Parse error:  syntax error, unexpected token "/" in Command line code on line 1
[25-May-2026 03:12:11 Europe/Berlin] PHP Fatal error:  Uncaught PDOException: SQLSTATE[42S22]: [Microsoft][ODBC Driver 17 for SQL Server][SQL Server]Invalid column name 'office_name'. in C:\inetpub\wwwroot\DTMIS\config\database.php:20
Stack trace:
#0 C:\inetpub\wwwroot\DTMIS\config\database.php(20): PDO->query('SELECT TOP 10 d...')
#1 Standard input code(9): CompatPdo->query('SELECT TOP 10 d...')
#2 {main}
  thrown in C:\inetpub\wwwroot\DTMIS\config\database.php on line 20
[25-May-2026 03:56:33 Europe/Berlin] PHP Fatal error:  Uncaught Error: Undefined constant "STDERR" in Standard input code:39
Stack trace:
#0 {main}
  thrown in Standard input code on line 39
[25-May-2026 04:49:08 Europe/Berlin] PHP Parse error:  syntax error, unexpected token "=", expecting end of file in Command line code on line 1
[25-May-2026 04:53:52 Europe/Berlin] PHP Parse error:  syntax error, unexpected token "=", expecting end of file in Command line code on line 1
[25-May-2026 04:54:28 Europe/Berlin] PHP Parse error:  syntax error, unexpected token "/" in Command line code on line 1
[25-May-2026 05:06:52 Europe/Berlin] PHP Parse error:  syntax error, unexpected token "/" in Command line code on line 1
[25-May-2026 05:07:10 Europe/Berlin] PHP Parse error:  syntax error, unexpected token "/" in Command line code on line 1
[25-May-2026 05:53:27 Europe/Berlin] PHP Parse error:  syntax error, unexpected token "," in Command line code on line 1
[25-May-2026 05:53:42 Europe/Berlin] PHP Warning:  ini_set(): Session ini settings cannot be changed after headers have already been sent in C:\inetpub\wwwroot\edats\config\app.php on line 367
[25-May-2026 05:53:42 Europe/Berlin] PHP Warning:  ini_set(): Session ini settings cannot be changed after headers have already been sent in C:\inetpub\wwwroot\edats\config\app.php on line 368
[26-May-2026 02:56:20 Europe/Berlin] PHP Parse error:  syntax error, unexpected token "=", expecting end of file in Command line code on line 1
[26-May-2026 08:42:45 Europe/Berlin] PHP Parse error:  syntax error, unexpected token "=", expecting end of file in Command line code on line 1
